<?xml version="1.0" encoding="UTF-8" standalone="no"?>
<!DOCTYPE log SYSTEM "logger.dtd">
<log>
<record>
  <date>2012-03-19T20:31:33</date>
  <millis>1332185493345</millis>
  <sequence>0</sequence>
  <logger>action</logger>
  <level>FINEST</level>
  <class>it.losko.hotel.model.action.ApplicationLoadAction</class>
  <method>internalPostDoAction</method>
  <thread>10</thread>
  <message>Application loaded</message>
</record>
<record>
  <date>2012-03-19T20:31:33</date>
  <millis>1332185493869</millis>
  <sequence>2</sequence>
  <logger>action</logger>
  <level>FINEST</level>
  <class>it.losko.hotel.model.action.InitialMenuAction</class>
  <method>internalPostDoAction</method>
  <thread>10</thread>
  <message>Initial input is requested</message>
</record>
<record>
  <date>2012-03-19T20:35:01</date>
  <millis>1332185701270</millis>
  <sequence>4</sequence>
  <logger>action</logger>
  <level>FINEST</level>
  <class>it.losko.hotel.model.action.ApplicationUnloadAction</class>
  <method>internalPostDoAction</method>
  <thread>10</thread>
  <message>Application unloaded</message>
</record>
</log>
