<?xml version="1.0" encoding="UTF-8" standalone="no"?>
<!DOCTYPE log SYSTEM "logger.dtd">
<log>
<record>
  <date>2012-03-19T22:17:27</date>
  <millis>1332191847397</millis>
  <sequence>0</sequence>
  <logger>action</logger>
  <level>FINEST</level>
  <class>it.losko.hotel.model.action.ApplicationLoadAction</class>
  <method>internalPostDoAction</method>
  <thread>10</thread>
  <message>Application loaded</message>
</record>
<record>
  <date>2012-03-19T22:17:27</date>
  <millis>1332191847917</millis>
  <sequence>2</sequence>
  <logger>action</logger>
  <level>FINEST</level>
  <class>it.losko.hotel.model.action.InitialMenuAction</class>
  <method>internalPostDoAction</method>
  <thread>10</thread>
  <message>Initial input is requested</message>
</record>
<record>
  <date>2012-03-19T22:17:33</date>
  <millis>1332191853628</millis>
  <sequence>4</sequence>
  <logger>action</logger>
  <level>FINEST</level>
  <class>it.losko.hotel.model.action.CollectPlayersAction</class>
  <method>internalPostDoAction</method>
  <thread>10</thread>
  <message>Players have been collected</message>
</record>
<record>
  <date>2012-03-19T22:17:50</date>
  <millis>1332191870439</millis>
  <sequence>6</sequence>
  <logger>action</logger>
  <level>FINEST</level>
  <class>it.losko.hotel.model.action.JoinAction</class>
  <method>internalPostDoAction</method>
  <thread>10</thread>
  <message>lorenzo joins the game</message>
</record>
<record>
  <date>2012-03-19T22:17:50</date>
  <millis>1332191870940</millis>
  <sequence>9</sequence>
  <logger>action</logger>
  <level>FINEST</level>
  <class>it.losko.hotel.model.action.JoinAction</class>
  <method>internalPostDoAction</method>
  <thread>10</thread>
  <message>Comp1 joins the game</message>
</record>
<record>
  <date>2012-03-19T22:17:51</date>
  <millis>1332191871441</millis>
  <sequence>12</sequence>
  <logger>action</logger>
  <level>FINEST</level>
  <class>it.losko.hotel.model.action.JoinAction</class>
  <method>internalPostDoAction</method>
  <thread>10</thread>
  <message>Comp2 joins the game</message>
</record>
<record>
  <date>2012-03-19T22:17:51</date>
  <millis>1332191871942</millis>
  <sequence>15</sequence>
  <logger>action</logger>
  <level>FINEST</level>
  <class>it.losko.hotel.model.action.GameStartAction</class>
  <method>internalPostDoAction</method>
  <thread>10</thread>
  <message>Start of the game</message>
</record>
<record>
  <date>2012-03-19T22:17:52</date>
  <millis>1332191872454</millis>
  <sequence>18</sequence>
  <logger>action</logger>
  <level>FINEST</level>
  <class>it.losko.hotel.model.action.TurnStartAction</class>
  <method>internalPostDoAction</method>
  <thread>12</thread>
  <message>lorenzo begins the new turn</message>
</record>
<record>
  <date>2012-03-19T22:17:52</date>
  <millis>1332191872959</millis>
  <sequence>20</sequence>
  <logger>action</logger>
  <level>FINEST</level>
  <class>it.losko.hotel.model.action.RollDiceAction</class>
  <method>internalPostDoAction</method>
  <thread>12</thread>
  <message>lorenzo rolls dice and makes 6</message>
</record>
<record>
  <date>2012-03-19T22:17:53</date>
  <millis>1332191873460</millis>
  <sequence>22</sequence>
  <logger>action</logger>
  <level>FINEST</level>
  <class>it.losko.hotel.model.action.RollDiceAction</class>
  <method>internalPostDoAction</method>
  <thread>12</thread>
  <message>lorenzo rolls dice and makes 5</message>
</record>
<record>
  <date>2012-03-19T22:17:53</date>
  <millis>1332191873966</millis>
  <sequence>24</sequence>
  <logger>action</logger>
  <level>FINEST</level>
  <class>it.losko.hotel.model.action.EarnInterestsAction</class>
  <method>internalPostDoAction</method>
  <thread>12</thread>
  <message>lorenzo earns 2000.0 from Bank</message>
</record>
<record>
  <date>2012-03-19T22:17:54</date>
  <millis>1332191874490</millis>
  <sequence>26</sequence>
  <logger>action</logger>
  <level>FINEST</level>
  <class>it.losko.hotel.model.action.TurnEndAction</class>
  <method>internalPostDoAction</method>
  <thread>12</thread>
  <message>lorenzo terminates the turn</message>
</record>
<record>
  <date>2012-03-19T22:17:57</date>
  <millis>1332191877991</millis>
  <sequence>29</sequence>
  <logger>action</logger>
  <level>FINEST</level>
  <class>it.losko.hotel.model.action.TurnStartAction</class>
  <method>internalPostDoAction</method>
  <thread>12</thread>
  <message>Comp1 begins the new turn</message>
</record>
<record>
  <date>2012-03-19T22:17:58</date>
  <millis>1332191878492</millis>
  <sequence>31</sequence>
  <logger>action</logger>
  <level>FINEST</level>
  <class>it.losko.hotel.model.action.RollDiceAction</class>
  <method>internalPostDoAction</method>
  <thread>12</thread>
  <message>Comp1 rolls dice and makes 3</message>
</record>
<record>
  <date>2012-03-19T22:17:59</date>
  <millis>1332191879006</millis>
  <sequence>33</sequence>
  <logger>action</logger>
  <level>FINEST</level>
  <class>it.losko.hotel.model.action.PlayerActionSelectionAction</class>
  <method>internalPostDoAction</method>
  <thread>12</thread>
  <message>Comp1 is requested for input</message>
</record>
<record>
  <date>2012-03-19T22:17:59</date>
  <millis>1332191879548</millis>
  <sequence>34</sequence>
  <logger>action</logger>
  <level>FINEST</level>
  <class>it.losko.hotel.model.action.PurchaseAction</class>
  <method>internalPostDoAction</method>
  <thread>12</thread>
  <message>Comp1 buys Boomerang</message>
</record>
<record>
  <date>2012-03-19T22:18:00</date>
  <millis>1332191880049</millis>
  <sequence>36</sequence>
  <logger>action</logger>
  <level>FINEST</level>
  <class>it.losko.hotel.model.action.TurnEndAction</class>
  <method>internalPostDoAction</method>
  <thread>12</thread>
  <message>Comp1 terminates the turn</message>
</record>
<record>
  <date>2012-03-19T22:18:03</date>
  <millis>1332191883550</millis>
  <sequence>39</sequence>
  <logger>action</logger>
  <level>FINEST</level>
  <class>it.losko.hotel.model.action.TurnStartAction</class>
  <method>internalPostDoAction</method>
  <thread>12</thread>
  <message>Comp2 begins the new turn</message>
</record>
<record>
  <date>2012-03-19T22:18:04</date>
  <millis>1332191884051</millis>
  <sequence>41</sequence>
  <logger>action</logger>
  <level>FINEST</level>
  <class>it.losko.hotel.model.action.RollDiceAction</class>
  <method>internalPostDoAction</method>
  <thread>12</thread>
  <message>Comp2 rolls dice and makes 1</message>
</record>
<record>
  <date>2012-03-19T22:18:04</date>
  <millis>1332191884552</millis>
  <sequence>43</sequence>
  <logger>action</logger>
  <level>FINEST</level>
  <class>it.losko.hotel.model.action.TurnEndAction</class>
  <method>internalPostDoAction</method>
  <thread>12</thread>
  <message>Comp2 terminates the turn</message>
</record>
<record>
  <date>2012-03-19T22:18:08</date>
  <millis>1332191888053</millis>
  <sequence>46</sequence>
  <logger>action</logger>
  <level>FINEST</level>
  <class>it.losko.hotel.model.action.TurnStartAction</class>
  <method>internalPostDoAction</method>
  <thread>12</thread>
  <message>lorenzo begins the new turn</message>
</record>
<record>
  <date>2012-03-19T22:18:08</date>
  <millis>1332191888557</millis>
  <sequence>48</sequence>
  <logger>action</logger>
  <level>FINEST</level>
  <class>it.losko.hotel.model.action.RollDiceAction</class>
  <method>internalPostDoAction</method>
  <thread>12</thread>
  <message>lorenzo rolls dice and makes 2</message>
</record>
<record>
  <date>2012-03-19T22:18:09</date>
  <millis>1332191889058</millis>
  <sequence>50</sequence>
  <logger>action</logger>
  <level>FINEST</level>
  <class>it.losko.hotel.model.action.TurnEndAction</class>
  <method>internalPostDoAction</method>
  <thread>12</thread>
  <message>lorenzo terminates the turn</message>
</record>
<record>
  <date>2012-03-19T22:18:12</date>
  <millis>1332191892559</millis>
  <sequence>53</sequence>
  <logger>action</logger>
  <level>FINEST</level>
  <class>it.losko.hotel.model.action.TurnStartAction</class>
  <method>internalPostDoAction</method>
  <thread>12</thread>
  <message>Comp1 begins the new turn</message>
</record>
<record>
  <date>2012-03-19T22:18:13</date>
  <millis>1332191893061</millis>
  <sequence>55</sequence>
  <logger>action</logger>
  <level>FINEST</level>
  <class>it.losko.hotel.model.action.RollDiceAction</class>
  <method>internalPostDoAction</method>
  <thread>12</thread>
  <message>Comp1 rolls dice and makes 4</message>
</record>
<record>
  <date>2012-03-19T22:18:13</date>
  <millis>1332191893563</millis>
  <sequence>57</sequence>
  <logger>action</logger>
  <level>FINEST</level>
  <class>it.losko.hotel.model.action.TurnEndAction</class>
  <method>internalPostDoAction</method>
  <thread>12</thread>
  <message>Comp1 terminates the turn</message>
</record>
<record>
  <date>2012-03-19T22:18:17</date>
  <millis>1332191897064</millis>
  <sequence>60</sequence>
  <logger>action</logger>
  <level>FINEST</level>
  <class>it.losko.hotel.model.action.TurnStartAction</class>
  <method>internalPostDoAction</method>
  <thread>12</thread>
  <message>Comp2 begins the new turn</message>
</record>
<record>
  <date>2012-03-19T22:18:17</date>
  <millis>1332191897565</millis>
  <sequence>62</sequence>
  <logger>action</logger>
  <level>FINEST</level>
  <class>it.losko.hotel.model.action.RollDiceAction</class>
  <method>internalPostDoAction</method>
  <thread>12</thread>
  <message>Comp2 rolls dice and makes 2</message>
</record>
<record>
  <date>2012-03-19T22:18:18</date>
  <millis>1332191898067</millis>
  <sequence>64</sequence>
  <logger>action</logger>
  <level>FINEST</level>
  <class>it.losko.hotel.model.action.PlayerActionSelectionAction</class>
  <method>internalPostDoAction</method>
  <thread>12</thread>
  <message>Comp2 is requested for input</message>
</record>
<record>
  <date>2012-03-19T22:18:18</date>
  <millis>1332191898575</millis>
  <sequence>65</sequence>
  <logger>action</logger>
  <level>FINEST</level>
  <class>it.losko.hotel.model.action.ExpropriateAction</class>
  <method>internalPostDoAction</method>
  <thread>12</thread>
  <message>Comp2 expropriates Boomerang</message>
</record>
<record>
  <date>2012-03-19T22:18:19</date>
  <millis>1332191899076</millis>
  <sequence>67</sequence>
  <logger>action</logger>
  <level>FINEST</level>
  <class>it.losko.hotel.model.action.TurnEndAction</class>
  <method>internalPostDoAction</method>
  <thread>12</thread>
  <message>Comp2 terminates the turn</message>
</record>
<record>
  <date>2012-03-19T22:18:22</date>
  <millis>1332191902577</millis>
  <sequence>70</sequence>
  <logger>action</logger>
  <level>FINEST</level>
  <class>it.losko.hotel.model.action.TurnStartAction</class>
  <method>internalPostDoAction</method>
  <thread>12</thread>
  <message>lorenzo begins the new turn</message>
</record>
<record>
  <date>2012-03-19T22:18:23</date>
  <millis>1332191903079</millis>
  <sequence>72</sequence>
  <logger>action</logger>
  <level>FINEST</level>
  <class>it.losko.hotel.model.action.RollDiceAction</class>
  <method>internalPostDoAction</method>
  <thread>12</thread>
  <message>lorenzo rolls dice and makes 6</message>
</record>
<record>
  <date>2012-03-19T22:18:23</date>
  <millis>1332191903582</millis>
  <sequence>74</sequence>
  <logger>action</logger>
  <level>FINEST</level>
  <class>it.losko.hotel.model.action.RollDiceAction</class>
  <method>internalPostDoAction</method>
  <thread>12</thread>
  <message>lorenzo rolls dice and makes 1</message>
</record>
<record>
  <date>2012-03-19T22:18:24</date>
  <millis>1332191904083</millis>
  <sequence>76</sequence>
  <logger>action</logger>
  <level>FINEST</level>
  <class>it.losko.hotel.model.action.TurnEndAction</class>
  <method>internalPostDoAction</method>
  <thread>12</thread>
  <message>lorenzo terminates the turn</message>
</record>
<record>
  <date>2012-03-19T22:18:27</date>
  <millis>1332191907584</millis>
  <sequence>79</sequence>
  <logger>action</logger>
  <level>FINEST</level>
  <class>it.losko.hotel.model.action.TurnStartAction</class>
  <method>internalPostDoAction</method>
  <thread>12</thread>
  <message>Comp1 begins the new turn</message>
</record>
<record>
  <date>2012-03-19T22:18:28</date>
  <millis>1332191908085</millis>
  <sequence>81</sequence>
  <logger>action</logger>
  <level>FINEST</level>
  <class>it.losko.hotel.model.action.RollDiceAction</class>
  <method>internalPostDoAction</method>
  <thread>12</thread>
  <message>Comp1 rolls dice and makes 6</message>
</record>
<record>
  <date>2012-03-19T22:18:28</date>
  <millis>1332191908587</millis>
  <sequence>83</sequence>
  <logger>action</logger>
  <level>FINEST</level>
  <class>it.losko.hotel.model.action.EarnInterestsAction</class>
  <method>internalPostDoAction</method>
  <thread>12</thread>
  <message>Comp1 earns 2000.0 from Bank</message>
</record>
<record>
  <date>2012-03-19T22:18:29</date>
  <millis>1332191909089</millis>
  <sequence>85</sequence>
  <logger>action</logger>
  <level>FINEST</level>
  <class>it.losko.hotel.model.action.RollDiceAction</class>
  <method>internalPostDoAction</method>
  <thread>12</thread>
  <message>Comp1 rolls dice and makes 6</message>
</record>
<record>
  <date>2012-03-19T22:18:29</date>
  <millis>1332191909590</millis>
  <sequence>87</sequence>
  <logger>action</logger>
  <level>FINEST</level>
  <class>it.losko.hotel.model.action.RollDiceAction</class>
  <method>internalPostDoAction</method>
  <thread>12</thread>
  <message>Comp1 rolls dice and makes 3</message>
</record>
<record>
  <date>2012-03-19T22:18:30</date>
  <millis>1332191910092</millis>
  <sequence>89</sequence>
  <logger>action</logger>
  <level>FINEST</level>
  <class>it.losko.hotel.model.action.PlayerActionSelectionAction</class>
  <method>internalPostDoAction</method>
  <thread>12</thread>
  <message>Comp1 is requested for input</message>
</record>
<record>
  <date>2012-03-19T22:18:30</date>
  <millis>1332191910593</millis>
  <sequence>90</sequence>
  <logger>action</logger>
  <level>FINEST</level>
  <class>it.losko.hotel.model.action.PurchaseAction</class>
  <method>internalPostDoAction</method>
  <thread>12</thread>
  <message>Comp1 buys Taji Mahal</message>
</record>
<record>
  <date>2012-03-19T22:18:31</date>
  <millis>1332191911095</millis>
  <sequence>92</sequence>
  <logger>action</logger>
  <level>FINEST</level>
  <class>it.losko.hotel.model.action.TurnEndAction</class>
  <method>internalPostDoAction</method>
  <thread>12</thread>
  <message>Comp1 terminates the turn</message>
</record>
<record>
  <date>2012-03-19T22:18:34</date>
  <millis>1332191914597</millis>
  <sequence>95</sequence>
  <logger>action</logger>
  <level>FINEST</level>
  <class>it.losko.hotel.model.action.TurnStartAction</class>
  <method>internalPostDoAction</method>
  <thread>12</thread>
  <message>Comp2 begins the new turn</message>
</record>
<record>
  <date>2012-03-19T22:18:35</date>
  <millis>1332191915098</millis>
  <sequence>97</sequence>
  <logger>action</logger>
  <level>FINEST</level>
  <class>it.losko.hotel.model.action.RollDiceAction</class>
  <method>internalPostDoAction</method>
  <thread>12</thread>
  <message>Comp2 rolls dice and makes 2</message>
</record>
<record>
  <date>2012-03-19T22:18:35</date>
  <millis>1332191915603</millis>
  <sequence>99</sequence>
  <logger>action</logger>
  <level>FINEST</level>
  <class>it.losko.hotel.model.action.PlayerActionSelectionAction</class>
  <method>internalPostDoAction</method>
  <thread>12</thread>
  <message>Comp2 is requested for input</message>
</record>
<record>
  <date>2012-03-19T22:18:36</date>
  <millis>1332191916104</millis>
  <sequence>100</sequence>
  <logger>action</logger>
  <level>FINEST</level>
  <class>it.losko.hotel.model.action.PurchaseAction</class>
  <method>internalPostDoAction</method>
  <thread>12</thread>
  <message>Comp2 buys Fujihama</message>
</record>
<record>
  <date>2012-03-19T22:18:36</date>
  <millis>1332191916605</millis>
  <sequence>102</sequence>
  <logger>action</logger>
  <level>FINEST</level>
  <class>it.losko.hotel.model.action.TurnEndAction</class>
  <method>internalPostDoAction</method>
  <thread>12</thread>
  <message>Comp2 terminates the turn</message>
</record>
<record>
  <date>2012-03-19T22:18:40</date>
  <millis>1332191920106</millis>
  <sequence>105</sequence>
  <logger>action</logger>
  <level>FINEST</level>
  <class>it.losko.hotel.model.action.TurnStartAction</class>
  <method>internalPostDoAction</method>
  <thread>12</thread>
  <message>lorenzo begins the new turn</message>
</record>
<record>
  <date>2012-03-19T22:18:40</date>
  <millis>1332191920608</millis>
  <sequence>107</sequence>
  <logger>action</logger>
  <level>FINEST</level>
  <class>it.losko.hotel.model.action.RollDiceAction</class>
  <method>internalPostDoAction</method>
  <thread>12</thread>
  <message>lorenzo rolls dice and makes 3</message>
</record>
<record>
  <date>2012-03-19T22:18:41</date>
  <millis>1332191921109</millis>
  <sequence>109</sequence>
  <logger>action</logger>
  <level>FINEST</level>
  <class>it.losko.hotel.model.action.TurnEndAction</class>
  <method>internalPostDoAction</method>
  <thread>12</thread>
  <message>lorenzo terminates the turn</message>
</record>
<record>
  <date>2012-03-19T22:18:44</date>
  <millis>1332191924610</millis>
  <sequence>112</sequence>
  <logger>action</logger>
  <level>FINEST</level>
  <class>it.losko.hotel.model.action.TurnStartAction</class>
  <method>internalPostDoAction</method>
  <thread>12</thread>
  <message>Comp1 begins the new turn</message>
</record>
<record>
  <date>2012-03-19T22:18:45</date>
  <millis>1332191925112</millis>
  <sequence>114</sequence>
  <logger>action</logger>
  <level>FINEST</level>
  <class>it.losko.hotel.model.action.RollDiceAction</class>
  <method>internalPostDoAction</method>
  <thread>12</thread>
  <message>Comp1 rolls dice and makes 2</message>
</record>
<record>
  <date>2012-03-19T22:18:45</date>
  <millis>1332191925613</millis>
  <sequence>116</sequence>
  <logger>action</logger>
  <level>FINEST</level>
  <class>it.losko.hotel.model.action.PlayerActionSelectionAction</class>
  <method>internalPostDoAction</method>
  <thread>12</thread>
  <message>Comp1 is requested for input</message>
</record>
<record>
  <date>2012-03-19T22:18:46</date>
  <millis>1332191926114</millis>
  <sequence>117</sequence>
  <logger>action</logger>
  <level>FINEST</level>
  <class>it.losko.hotel.model.action.PurchaseAction</class>
  <method>internalPostDoAction</method>
  <thread>12</thread>
  <message>Comp1 buys L'Etoile</message>
</record>
<record>
  <date>2012-03-19T22:18:46</date>
  <millis>1332191926616</millis>
  <sequence>119</sequence>
  <logger>action</logger>
  <level>FINEST</level>
  <class>it.losko.hotel.model.action.TurnEndAction</class>
  <method>internalPostDoAction</method>
  <thread>12</thread>
  <message>Comp1 terminates the turn</message>
</record>
<record>
  <date>2012-03-19T22:18:49</date>
  <millis>1332191929833</millis>
  <sequence>122</sequence>
  <logger>action</logger>
  <level>FINEST</level>
  <class>it.losko.hotel.model.action.GameOverAction</class>
  <method>internalPostDoAction</method>
  <thread>12</thread>
  <message>Game over</message>
</record>
<record>
  <date>2012-03-19T22:18:50</date>
  <millis>1332191930338</millis>
  <sequence>124</sequence>
  <logger>action</logger>
  <level>FINEST</level>
  <class>it.losko.hotel.model.action.InitialMenuAction</class>
  <method>internalPostDoAction</method>
  <thread>10</thread>
  <message>Initial input is requested</message>
</record>
<record>
  <date>2012-03-19T22:18:56</date>
  <millis>1332191936427</millis>
  <sequence>126</sequence>
  <logger>action</logger>
  <level>FINEST</level>
  <class>it.losko.hotel.model.action.ApplicationUnloadAction</class>
  <method>internalPostDoAction</method>
  <thread>10</thread>
  <message>Application unloaded</message>
</record>
</log>
