<?xml version="1.0" encoding="UTF-8" standalone="no"?>
<!DOCTYPE log SYSTEM "logger.dtd">
<log>
<record>
  <date>2011-10-02T17:25:04</date>
  <millis>1317569104276</millis>
  <sequence>0</sequence>
  <logger>action</logger>
  <level>FINEST</level>
  <class>it.losko.hotel.model.action.ApplicationLoadAction</class>
  <method>internalPostDoAction</method>
  <thread>10</thread>
  <message>Application loaded</message>
</record>
<record>
  <date>2011-10-02T17:25:04</date>
  <millis>1317569104811</millis>
  <sequence>2</sequence>
  <logger>action</logger>
  <level>FINEST</level>
  <class>it.losko.hotel.model.action.InitialMenuAction</class>
  <method>internalPostDoAction</method>
  <thread>10</thread>
  <message>Initial input is requested</message>
</record>
<record>
  <date>2011-10-02T17:25:08</date>
  <millis>1317569108069</millis>
  <sequence>4</sequence>
  <logger>action</logger>
  <level>FINEST</level>
  <class>it.losko.hotel.model.action.ApplicationUnloadAction</class>
  <method>internalPostDoAction</method>
  <thread>12</thread>
  <message>Application unloaded</message>
</record>
</log>
