<?xml version="1.0" encoding="UTF-8" standalone="no"?>
<!DOCTYPE log SYSTEM "logger.dtd">
<log>
<record>
  <date>2012-03-19T22:25:00</date>
  <millis>1332192300044</millis>
  <sequence>1</sequence>
  <logger>listener</logger>
  <level>FINER</level>
  <class>it.losko.hotel.view.tui.listeners.ApplicationLoadActionListener</class>
  <method>actionNotified</method>
  <thread>11</thread>
  <message>ENTRY</message>
</record>
<record>
  <date>2012-03-19T22:25:00</date>
  <millis>1332192300548</millis>
  <sequence>3</sequence>
  <logger>listener</logger>
  <level>FINER</level>
  <class>it.losko.hotel.view.tui.listeners.InitialMenuActionListener</class>
  <method>actionNotified</method>
  <thread>11</thread>
  <message>ENTRY</message>
</record>
<record>
  <date>2012-03-19T22:25:05</date>
  <millis>1332192305621</millis>
  <sequence>5</sequence>
  <logger>listener</logger>
  <level>FINER</level>
  <class>it.losko.hotel.view.tui.listeners.CollectPlayersActionListener</class>
  <method>actionNotified</method>
  <thread>11</thread>
  <message>ENTRY</message>
</record>
<record>
  <date>2012-03-19T22:25:19</date>
  <millis>1332192319297</millis>
  <sequence>7</sequence>
  <logger>listener</logger>
  <level>FINE</level>
  <class>it.losko.hotel.view.ActionObserver</class>
  <method>update</method>
  <thread>11</thread>
  <message>No listener found for action it.losko.hotel.model.action.JoinAction</message>
</record>
<record>
  <date>2012-03-19T22:25:19</date>
  <millis>1332192319297</millis>
  <sequence>8</sequence>
  <logger>listener</logger>
  <level>FINER</level>
  <class>it.losko.hotel.view.tui.listeners.TUIActionListener</class>
  <method>actionNotified</method>
  <thread>11</thread>
  <message>ENTRY</message>
</record>
<record>
  <date>2012-03-19T22:25:19</date>
  <millis>1332192319807</millis>
  <sequence>10</sequence>
  <logger>listener</logger>
  <level>FINE</level>
  <class>it.losko.hotel.view.ActionObserver</class>
  <method>update</method>
  <thread>11</thread>
  <message>No listener found for action it.losko.hotel.model.action.JoinAction</message>
</record>
<record>
  <date>2012-03-19T22:25:19</date>
  <millis>1332192319808</millis>
  <sequence>11</sequence>
  <logger>listener</logger>
  <level>FINER</level>
  <class>it.losko.hotel.view.tui.listeners.TUIActionListener</class>
  <method>actionNotified</method>
  <thread>11</thread>
  <message>ENTRY</message>
</record>
<record>
  <date>2012-03-19T22:25:20</date>
  <millis>1332192320303</millis>
  <sequence>13</sequence>
  <logger>listener</logger>
  <level>FINE</level>
  <class>it.losko.hotel.view.ActionObserver</class>
  <method>update</method>
  <thread>11</thread>
  <message>No listener found for action it.losko.hotel.model.action.GameStartAction</message>
</record>
<record>
  <date>2012-03-19T22:25:20</date>
  <millis>1332192320304</millis>
  <sequence>14</sequence>
  <logger>listener</logger>
  <level>FINER</level>
  <class>it.losko.hotel.view.tui.listeners.TUIActionListener</class>
  <method>actionNotified</method>
  <thread>11</thread>
  <message>ENTRY</message>
</record>
<record>
  <date>2012-03-19T22:25:20</date>
  <millis>1332192320812</millis>
  <sequence>16</sequence>
  <logger>listener</logger>
  <level>FINER</level>
  <class>it.losko.hotel.view.tui.listeners.TurnStartActionListener</class>
  <method>actionNotified</method>
  <thread>11</thread>
  <message>ENTRY</message>
</record>
<record>
  <date>2012-03-19T22:25:21</date>
  <millis>1332192321332</millis>
  <sequence>18</sequence>
  <logger>listener</logger>
  <level>FINER</level>
  <class>it.losko.hotel.view.tui.listeners.RollDiceActionListener</class>
  <method>actionNotified</method>
  <thread>11</thread>
  <message>ENTRY</message>
</record>
<record>
  <date>2012-03-19T22:25:21</date>
  <millis>1332192321835</millis>
  <sequence>20</sequence>
  <logger>listener</logger>
  <level>FINER</level>
  <class>it.losko.hotel.view.tui.listeners.PlayerActionSelectionActionListener</class>
  <method>actionNotified</method>
  <thread>11</thread>
  <message>ENTRY</message>
</record>
</log>
