<?xml version="1.0" encoding="UTF-8" standalone="no"?>
<!DOCTYPE log SYSTEM "logger.dtd">
<log>
<record>
  <date>2011-10-02T17:25:04</date>
  <millis>1317569104293</millis>
  <sequence>1</sequence>
  <logger>listener</logger>
  <level>FINER</level>
  <class>it.losko.hotel.view.gui.listeners.ApplicationLoadActionListener</class>
  <method>actionNotified</method>
  <thread>11</thread>
  <message>ENTRY</message>
</record>
<record>
  <date>2011-10-02T17:25:04</date>
  <millis>1317569104813</millis>
  <sequence>3</sequence>
  <logger>listener</logger>
  <level>FINER</level>
  <class>it.losko.hotel.view.gui.listeners.InitialMenuActionListener</class>
  <method>actionNotified</method>
  <thread>11</thread>
  <message>ENTRY</message>
</record>
<record>
  <date>2011-10-02T17:25:08</date>
  <millis>1317569108076</millis>
  <sequence>5</sequence>
  <logger>listener</logger>
  <level>FINER</level>
  <class>it.losko.hotel.view.gui.listeners.ApplicationUnloadActionListener</class>
  <method>actionNotified</method>
  <thread>13</thread>
  <message>ENTRY</message>
</record>
</log>
